<?xml version="1.0" encoding="UTF-8"?>
<testsuite xmlns:xsi="http://www.w3.org/2001/XMLSchema-instance" xsi:noNamespaceSchemaLocation="https://maven.apache.org/surefire/maven-surefire-plugin/xsd/surefire-test-report.xsd" name="com.stilliodev.webapp.WebAppApplicationTests" time="3.257" tests="1" errors="0" skipped="0" failures="0">
  <properties>
    <property name="java.specification.version" value="13"/>
    <property name="sun.cpu.isalist" value="amd64"/>
    <property name="sun.jnu.encoding" value="Cp1250"/>
    <property name="java.class.path" value="E:\10.10\AppkaN\target\test-classes;E:\10.10\AppkaN\target\classes;C:\Users\Mariusz\.m2\repository\org\springframework\boot\spring-boot-starter-data-jpa\2.3.3.RELEASE\spring-boot-starter-data-jpa-2.3.3.RELEASE.jar;C:\Users\Mariusz\.m2\repository\org\springframework\boot\spring-boot-starter-aop\2.3.3.RELEASE\spring-boot-starter-aop-2.3.3.RELEASE.jar;C:\Users\Mariusz\.m2\repository\org\aspectj\aspectjweaver\1.9.6\aspectjweaver-1.9.6.jar;C:\Users\Mariusz\.m2\repository\org\springframework\boot\spring-boot-starter-jdbc\2.3.3.RELEASE\spring-boot-starter-jdbc-2.3.3.RELEASE.jar;C:\Users\Mariusz\.m2\repository\com\zaxxer\HikariCP\3.4.5\HikariCP-3.4.5.jar;C:\Users\Mariusz\.m2\repository\org\springframework\spring-jdbc\5.2.8.RELEASE\spring-jdbc-5.2.8.RELEASE.jar;C:\Users\Mariusz\.m2\repository\jakarta\transaction\jakarta.transaction-api\1.3.3\jakarta.transaction-api-1.3.3.jar;C:\Users\Mariusz\.m2\repository\jakarta\persistence\jakarta.persistence-api\2.2.3\jakarta.persistence-api-2.2.3.jar;C:\Users\Mariusz\.m2\repository\org\hibernate\hibernate-core\5.4.20.Final\hibernate-core-5.4.20.Final.jar;C:\Users\Mariusz\.m2\repository\org\jboss\logging\jboss-logging\3.4.1.Final\jboss-logging-3.4.1.Final.jar;C:\Users\Mariusz\.m2\repository\org\javassist\javassist\3.24.0-GA\javassist-3.24.0-GA.jar;C:\Users\Mariusz\.m2\repository\net\bytebuddy\byte-buddy\1.10.14\byte-buddy-1.10.14.jar;C:\Users\Mariusz\.m2\repository\antlr\antlr\2.7.7\antlr-2.7.7.jar;C:\Users\Mariusz\.m2\repository\org\jboss\jandex\2.1.3.Final\jandex-2.1.3.Final.jar;C:\Users\Mariusz\.m2\repository\com\fasterxml\classmate\1.5.1\classmate-1.5.1.jar;C:\Users\Mariusz\.m2\repository\org\dom4j\dom4j\2.1.3\dom4j-2.1.3.jar;C:\Users\Mariusz\.m2\repository\org\hibernate\common\hibernate-commons-annotations\5.1.0.Final\hibernate-commons-annotations-5.1.0.Final.jar;C:\Users\Mariusz\.m2\repository\org\glassfish\jaxb\jaxb-runtime\2.3.3\jaxb-runtime-2.3.3.jar;C:\Users\Mariusz\.m2\repository\org\glassfish\jaxb\txw2\2.3.3\txw2-2.3.3.jar;C:\Users\Mariusz\.m2\repository\com\sun\istack\istack-commons-runtime\3.0.11\istack-commons-runtime-3.0.11.jar;C:\Users\Mariusz\.m2\repository\org\springframework\data\spring-data-jpa\2.3.3.RELEASE\spring-data-jpa-2.3.3.RELEASE.jar;C:\Users\Mariusz\.m2\repository\org\springframework\data\spring-data-commons\2.3.3.RELEASE\spring-data-commons-2.3.3.RELEASE.jar;C:\Users\Mariusz\.m2\repository\org\springframework\spring-orm\5.2.8.RELEASE\spring-orm-5.2.8.RELEASE.jar;C:\Users\Mariusz\.m2\repository\org\springframework\spring-context\5.2.8.RELEASE\spring-context-5.2.8.RELEASE.jar;C:\Users\Mariusz\.m2\repository\org\springframework\spring-tx\5.2.8.RELEASE\spring-tx-5.2.8.RELEASE.jar;C:\Users\Mariusz\.m2\repository\org\springframework\spring-beans\5.2.8.RELEASE\spring-beans-5.2.8.RELEASE.jar;C:\Users\Mariusz\.m2\repository\org\slf4j\slf4j-api\1.7.30\slf4j-api-1.7.30.jar;C:\Users\Mariusz\.m2\repository\org\springframework\spring-aspects\5.2.8.RELEASE\spring-aspects-5.2.8.RELEASE.jar;C:\Users\Mariusz\.m2\repository\org\springframework\boot\spring-boot-starter-validation\2.3.3.RELEASE\spring-boot-starter-validation-2.3.3.RELEASE.jar;C:\Users\Mariusz\.m2\repository\org\springframework\boot\spring-boot-starter\2.3.3.RELEASE\spring-boot-starter-2.3.3.RELEASE.jar;C:\Users\Mariusz\.m2\repository\org\springframework\boot\spring-boot\2.3.3.RELEASE\spring-boot-2.3.3.RELEASE.jar;C:\Users\Mariusz\.m2\repository\org\springframework\boot\spring-boot-autoconfigure\2.3.3.RELEASE\spring-boot-autoconfigure-2.3.3.RELEASE.jar;C:\Users\Mariusz\.m2\repository\org\springframework\boot\spring-boot-starter-logging\2.3.3.RELEASE\spring-boot-starter-logging-2.3.3.RELEASE.jar;C:\Users\Mariusz\.m2\repository\ch\qos\logback\logback-classic\1.2.3\logback-classic-1.2.3.jar;C:\Users\Mariusz\.m2\repository\ch\qos\logback\logback-core\1.2.3\logback-core-1.2.3.jar;C:\Users\Mariusz\.m2\repository\org\apache\logging\log4j\log4j-to-slf4j\2.13.3\log4j-to-slf4j-2.13.3.jar;C:\Users\Mariusz\.m2\repository\org\apache\logging\log4j\log4j-api\2.13.3\log4j-api-2.13.3.jar;C:\Users\Mariusz\.m2\repository\org\slf4j\jul-to-slf4j\1.7.30\jul-to-slf4j-1.7.30.jar;C:\Users\Mariusz\.m2\repository\jakarta\annotation\jakarta.annotation-api\1.3.5\jakarta.annotation-api-1.3.5.jar;C:\Users\Mariusz\.m2\repository\org\yaml\snakeyaml\1.26\snakeyaml-1.26.jar;C:\Users\Mariusz\.m2\repository\org\glassfish\jakarta.el\3.0.3\jakarta.el-3.0.3.jar;C:\Users\Mariusz\.m2\repository\org\hibernate\validator\hibernate-validator\6.1.5.Final\hibernate-validator-6.1.5.Final.jar;C:\Users\Mariusz\.m2\repository\jakarta\validation\jakarta.validation-api\2.0.2\jakarta.validation-api-2.0.2.jar;C:\Users\Mariusz\.m2\repository\com\cloudinary\cloudinary-http44\1.22.1\cloudinary-http44-1.22.1.jar;C:\Users\Mariusz\.m2\repository\com\cloudinary\cloudinary-core\1.22.1\cloudinary-core-1.22.1.jar;C:\Users\Mariusz\.m2\repository\org\apache\commons\commons-lang3\3.10\commons-lang3-3.10.jar;C:\Users\Mariusz\.m2\repository\org\apache\httpcomponents\httpclient\4.5.12\httpclient-4.5.12.jar;C:\Users\Mariusz\.m2\repository\org\apache\httpcomponents\httpcore\4.4.13\httpcore-4.4.13.jar;C:\Users\Mariusz\.m2\repository\commons-codec\commons-codec\1.14\commons-codec-1.14.jar;C:\Users\Mariusz\.m2\repository\org\apache\httpcomponents\httpmime\4.5.12\httpmime-4.5.12.jar;C:\Users\Mariusz\.m2\repository\org\postgresql\postgresql\42.2.14\postgresql-42.2.14.jar;C:\Users\Mariusz\.m2\repository\org\springframework\boot\spring-boot-starter-mail\2.3.3.RELEASE\spring-boot-starter-mail-2.3.3.RELEASE.jar;C:\Users\Mariusz\.m2\repository\org\springframework\spring-context-support\5.2.8.RELEASE\spring-context-support-5.2.8.RELEASE.jar;C:\Users\Mariusz\.m2\repository\com\sun\mail\jakarta.mail\1.6.5\jakarta.mail-1.6.5.jar;C:\Users\Mariusz\.m2\repository\com\sun\activation\jakarta.activation\1.2.2\jakarta.activation-1.2.2.jar;C:\Users\Mariusz\.m2\repository\org\springframework\boot\spring-boot-starter-security\2.3.3.RELEASE\spring-boot-starter-security-2.3.3.RELEASE.jar;C:\Users\Mariusz\.m2\repository\org\springframework\spring-aop\5.2.8.RELEASE\spring-aop-5.2.8.RELEASE.jar;C:\Users\Mariusz\.m2\repository\org\springframework\security\spring-security-config\5.3.4.RELEASE\spring-security-config-5.3.4.RELEASE.jar;C:\Users\Mariusz\.m2\repository\org\springframework\security\spring-security-web\5.3.4.RELEASE\spring-security-web-5.3.4.RELEASE.jar;C:\Users\Mariusz\.m2\repository\org\springframework\spring-expression\5.2.8.RELEASE\spring-expression-5.2.8.RELEASE.jar;C:\Users\Mariusz\.m2\repository\org\springframework\boot\spring-boot-starter-thymeleaf\2.3.3.RELEASE\spring-boot-starter-thymeleaf-2.3.3.RELEASE.jar;C:\Users\Mariusz\.m2\repository\org\thymeleaf\thymeleaf-spring5\3.0.11.RELEASE\thymeleaf-spring5-3.0.11.RELEASE.jar;C:\Users\Mariusz\.m2\repository\org\thymeleaf\thymeleaf\3.0.11.RELEASE\thymeleaf-3.0.11.RELEASE.jar;C:\Users\Mariusz\.m2\repository\org\attoparser\attoparser\2.0.5.RELEASE\attoparser-2.0.5.RELEASE.jar;C:\Users\Mariusz\.m2\repository\org\unbescape\unbescape\1.1.6.RELEASE\unbescape-1.1.6.RELEASE.jar;C:\Users\Mariusz\.m2\repository\org\thymeleaf\extras\thymeleaf-extras-java8time\3.0.4.RELEASE\thymeleaf-extras-java8time-3.0.4.RELEASE.jar;C:\Users\Mariusz\.m2\repository\org\springframework\boot\spring-boot-starter-web\2.3.3.RELEASE\spring-boot-starter-web-2.3.3.RELEASE.jar;C:\Users\Mariusz\.m2\repository\org\springframework\boot\spring-boot-starter-json\2.3.3.RELEASE\spring-boot-starter-json-2.3.3.RELEASE.jar;C:\Users\Mariusz\.m2\repository\com\fasterxml\jackson\core\jackson-databind\2.11.2\jackson-databind-2.11.2.jar;C:\Users\Mariusz\.m2\repository\com\fasterxml\jackson\core\jackson-annotations\2.11.2\jackson-annotations-2.11.2.jar;C:\Users\Mariusz\.m2\repository\com\fasterxml\jackson\core\jackson-core\2.11.2\jackson-core-2.11.2.jar;C:\Users\Mariusz\.m2\repository\com\fasterxml\jackson\datatype\jackson-datatype-jdk8\2.11.2\jackson-datatype-jdk8-2.11.2.jar;C:\Users\Mariusz\.m2\repository\com\fasterxml\jackson\datatype\jackson-datatype-jsr310\2.11.2\jackson-datatype-jsr310-2.11.2.jar;C:\Users\Mariusz\.m2\repository\com\fasterxml\jackson\module\jackson-module-parameter-names\2.11.2\jackson-module-parameter-names-2.11.2.jar;C:\Users\Mariusz\.m2\repository\org\springframework\boot\spring-boot-starter-tomcat\2.3.3.RELEASE\spring-boot-starter-tomcat-2.3.3.RELEASE.jar;C:\Users\Mariusz\.m2\repository\org\apache\tomcat\embed\tomcat-embed-core\9.0.37\tomcat-embed-core-9.0.37.jar;C:\Users\Mariusz\.m2\repository\org\apache\tomcat\embed\tomcat-embed-websocket\9.0.37\tomcat-embed-websocket-9.0.37.jar;C:\Users\Mariusz\.m2\repository\org\springframework\spring-web\5.2.8.RELEASE\spring-web-5.2.8.RELEASE.jar;C:\Users\Mariusz\.m2\repository\org\springframework\spring-webmvc\5.2.8.RELEASE\spring-webmvc-5.2.8.RELEASE.jar;C:\Users\Mariusz\.m2\repository\org\flywaydb\flyway-core\6.4.4\flyway-core-6.4.4.jar;C:\Users\Mariusz\.m2\repository\com\h2database\h2\1.4.200\h2-1.4.200.jar;C:\Users\Mariusz\.m2\repository\mysql\mysql-connector-java\8.0.21\mysql-connector-java-8.0.21.jar;C:\Users\Mariusz\.m2\repository\org\springframework\boot\spring-boot-starter-test\2.3.3.RELEASE\spring-boot-starter-test-2.3.3.RELEASE.jar;C:\Users\Mariusz\.m2\repository\org\springframework\boot\spring-boot-test\2.3.3.RELEASE\spring-boot-test-2.3.3.RELEASE.jar;C:\Users\Mariusz\.m2\repository\org\springframework\boot\spring-boot-test-autoconfigure\2.3.3.RELEASE\spring-boot-test-autoconfigure-2.3.3.RELEASE.jar;C:\Users\Mariusz\.m2\repository\com\jayway\jsonpath\json-path\2.4.0\json-path-2.4.0.jar;C:\Users\Mariusz\.m2\repository\net\minidev\json-smart\2.3\json-smart-2.3.jar;C:\Users\Mariusz\.m2\repository\net\minidev\accessors-smart\1.2\accessors-smart-1.2.jar;C:\Users\Mariusz\.m2\repository\org\ow2\asm\asm\5.0.4\asm-5.0.4.jar;C:\Users\Mariusz\.m2\repository\jakarta\xml\bind\jakarta.xml.bind-api\2.3.3\jakarta.xml.bind-api-2.3.3.jar;C:\Users\Mariusz\.m2\repository\jakarta\activation\jakarta.activation-api\1.2.2\jakarta.activation-api-1.2.2.jar;C:\Users\Mariusz\.m2\repository\org\assertj\assertj-core\3.16.1\assertj-core-3.16.1.jar;C:\Users\Mariusz\.m2\repository\org\hamcrest\hamcrest\2.2\hamcrest-2.2.jar;C:\Users\Mariusz\.m2\repository\org\junit\jupiter\junit-jupiter\5.6.2\junit-jupiter-5.6.2.jar;C:\Users\Mariusz\.m2\repository\org\junit\jupiter\junit-jupiter-api\5.6.2\junit-jupiter-api-5.6.2.jar;C:\Users\Mariusz\.m2\repository\org\apiguardian\apiguardian-api\1.1.0\apiguardian-api-1.1.0.jar;C:\Users\Mariusz\.m2\repository\org\opentest4j\opentest4j\1.2.0\opentest4j-1.2.0.jar;C:\Users\Mariusz\.m2\repository\org\junit\platform\junit-platform-commons\1.6.2\junit-platform-commons-1.6.2.jar;C:\Users\Mariusz\.m2\repository\org\junit\jupiter\junit-jupiter-params\5.6.2\junit-jupiter-params-5.6.2.jar;C:\Users\Mariusz\.m2\repository\org\junit\jupiter\junit-jupiter-engine\5.6.2\junit-jupiter-engine-5.6.2.jar;C:\Users\Mariusz\.m2\repository\org\junit\platform\junit-platform-engine\1.6.2\junit-platform-engine-1.6.2.jar;C:\Users\Mariusz\.m2\repository\org\mockito\mockito-core\3.3.3\mockito-core-3.3.3.jar;C:\Users\Mariusz\.m2\repository\net\bytebuddy\byte-buddy-agent\1.10.14\byte-buddy-agent-1.10.14.jar;C:\Users\Mariusz\.m2\repository\org\objenesis\objenesis\2.6\objenesis-2.6.jar;C:\Users\Mariusz\.m2\repository\org\mockito\mockito-junit-jupiter\3.3.3\mockito-junit-jupiter-3.3.3.jar;C:\Users\Mariusz\.m2\repository\org\skyscreamer\jsonassert\1.5.0\jsonassert-1.5.0.jar;C:\Users\Mariusz\.m2\repository\com\vaadin\external\google\android-json\0.0.20131108.vaadin1\android-json-0.0.20131108.vaadin1.jar;C:\Users\Mariusz\.m2\repository\org\springframework\spring-core\5.2.8.RELEASE\spring-core-5.2.8.RELEASE.jar;C:\Users\Mariusz\.m2\repository\org\springframework\spring-jcl\5.2.8.RELEASE\spring-jcl-5.2.8.RELEASE.jar;C:\Users\Mariusz\.m2\repository\org\springframework\spring-test\5.2.8.RELEASE\spring-test-5.2.8.RELEASE.jar;C:\Users\Mariusz\.m2\repository\org\xmlunit\xmlunit-core\2.7.0\xmlunit-core-2.7.0.jar;C:\Users\Mariusz\.m2\repository\org\springframework\security\spring-security-test\5.3.4.RELEASE\spring-security-test-5.3.4.RELEASE.jar;C:\Users\Mariusz\.m2\repository\org\springframework\security\spring-security-core\5.3.4.RELEASE\spring-security-core-5.3.4.RELEASE.jar;C:\Users\Mariusz\.m2\repository\com\vaadin\vaadin-spring-boot-starter\14.3.6\vaadin-spring-boot-starter-14.3.6.jar;C:\Users\Mariusz\.m2\repository\com\vaadin\vaadin-spring\12.3.1\vaadin-spring-12.3.1.jar;C:\Users\Mariusz\.m2\repository\com\vaadin\flow-server\2.3.5\flow-server-2.3.5.jar;C:\Users\Mariusz\.m2\repository\com\vaadin\external\gwt\gwt-elemental\2.8.2.vaadin2\gwt-elemental-2.8.2.vaadin2.jar;C:\Users\Mariusz\.m2\repository\commons-fileupload\commons-fileupload\1.3.3\commons-fileupload-1.3.3.jar;C:\Users\Mariusz\.m2\repository\commons-io\commons-io\2.5\commons-io-2.5.jar;C:\Users\Mariusz\.m2\repository\org\jsoup\jsoup\1.12.1\jsoup-1.12.1.jar;C:\Users\Mariusz\.m2\repository\com\helger\ph-css\6.1.1\ph-css-6.1.1.jar;C:\Users\Mariusz\.m2\repository\com\helger\ph-commons\9.1.2\ph-commons-9.1.2.jar;C:\Users\Mariusz\.m2\repository\com\vaadin\external\gentyref\1.2.0.vaadin1\gentyref-1.2.0.vaadin1.jar;C:\Users\Mariusz\.m2\repository\org\apache\commons\commons-compress\1.19\commons-compress-1.19.jar;C:\Users\Mariusz\.m2\repository\com\vaadin\flow-push\2.3.5\flow-push-2.3.5.jar;C:\Users\Mariusz\.m2\repository\com\vaadin\external\atmosphere\atmosphere-runtime\2.4.30.slf4jvaadin1\atmosphere-runtime-2.4.30.slf4jvaadin1.jar;C:\Users\Mariusz\.m2\repository\com\vaadin\flow-client\2.3.5\flow-client-2.3.5.jar;C:\Users\Mariusz\.m2\repository\org\springframework\spring-websocket\5.2.8.RELEASE\spring-websocket-5.2.8.RELEASE.jar;C:\Users\Mariusz\.m2\repository\com\vaadin\vaadin-core\14.3.6\vaadin-core-14.3.6.jar;C:\Users\Mariusz\.m2\repository\com\vaadin\flow-html-components\2.3.5\flow-html-components-2.3.5.jar;C:\Users\Mariusz\.m2\repository\com\vaadin\flow-data\2.3.5\flow-data-2.3.5.jar;C:\Users\Mariusz\.m2\repository\javax\validation\validation-api\2.0.1.Final\validation-api-2.0.1.Final.jar;C:\Users\Mariusz\.m2\repository\com\vaadin\flow-dnd\2.3.5\flow-dnd-2.3.5.jar;C:\Users\Mariusz\.m2\repository\org\webjars\npm\vaadin__vaadin-mobile-drag-drop\1.0.0\vaadin__vaadin-mobile-drag-drop-1.0.0.jar;C:\Users\Mariusz\.m2\repository\org\webjars\npm\mobile-drag-drop\2.3.0-rc.1\mobile-drag-drop-2.3.0-rc.1.jar;C:\Users\Mariusz\.m2\repository\com\vaadin\vaadin-lumo-theme\2.3.5\vaadin-lumo-theme-2.3.5.jar;C:\Users\Mariusz\.m2\repository\org\webjars\bowergithub\vaadin\vaadin-lumo-styles\1.6.0\vaadin-lumo-styles-1.6.0.jar;C:\Users\Mariusz\.m2\repository\org\webjars\bowergithub\polymerelements\iron-icon\2.1.0\iron-icon-2.1.0.jar;C:\Users\Mariusz\.m2\repository\org\webjars\bowergithub\polymerelements\iron-meta\2.1.1\iron-meta-2.1.1.jar;C:\Users\Mariusz\.m2\repository\org\webjars\bowergithub\polymerelements\iron-iconset-svg\2.2.1\iron-iconset-svg-2.2.1.jar;C:\Users\Mariusz\.m2\repository\org\webjars\bowergithub\polymerelements\iron-flex-layout\2.0.3\iron-flex-layout-2.0.3.jar;C:\Users\Mariusz\.m2\repository\org\webjars\bowergithub\polymer\polymer\2.7.0\polymer-2.7.0.jar;C:\Users\Mariusz\.m2\repository\org\webjars\bowergithub\webcomponents\shadycss\1.8.0\shadycss-1.8.0.jar;C:\Users\Mariusz\.m2\repository\com\vaadin\vaadin-material-theme\2.3.5\vaadin-material-theme-2.3.5.jar;C:\Users\Mariusz\.m2\repository\org\webjars\bowergithub\vaadin\vaadin-material-styles\1.3.2\vaadin-material-styles-1.3.2.jar;C:\Users\Mariusz\.m2\repository\com\vaadin\vaadin-accordion-flow\2.1.0\vaadin-accordion-flow-2.1.0.jar;C:\Users\Mariusz\.m2\repository\org\webjars\bowergithub\vaadin\vaadin-accordion\1.1.0\vaadin-accordion-1.1.0.jar;C:\Users\Mariusz\.m2\repository\org\webjars\bowergithub\vaadin\vaadin-themable-mixin\1.5.2\vaadin-themable-mixin-1.5.2.jar;C:\Users\Mariusz\.m2\repository\org\webjars\bowergithub\webcomponents\webcomponentsjs\1.2.6\webcomponentsjs-1.2.6.jar;C:\Users\Mariusz\.m2\repository\org\webjars\bowergithub\vaadin\vaadin-element-mixin\2.3.2\vaadin-element-mixin-2.3.2.jar;C:\Users\Mariusz\.m2\repository\org\webjars\bowergithub\vaadin\vaadin-usage-statistics\2.1.0\vaadin-usage-statistics-2.1.0.jar;C:\Users\Mariusz\.m2\repository\org\webjars\bowergithub\vaadin\vaadin-development-mode-detector\2.0.4\vaadin-development-mode-detector-2.0.4.jar;C:\Users\Mariusz\.m2\repository\com\vaadin\vaadin-button-flow\2.1.0\vaadin-button-flow-2.1.0.jar;C:\Users\Mariusz\.m2\repository\org\webjars\bowergithub\vaadin\vaadin-button\2.3.0\vaadin-button-2.3.0.jar;C:\Users\Mariusz\.m2\repository\org\webjars\bowergithub\vaadin\vaadin-control-state-mixin\2.1.3\vaadin-control-state-mixin-2.1.3.jar;C:\Users\Mariusz\.m2\repository\com\vaadin\vaadin-checkbox-flow\2.1.0\vaadin-checkbox-flow-2.1.0.jar;C:\Users\Mariusz\.m2\repository\org\webjars\bowergithub\vaadin\vaadin-checkbox\2.3.0\vaadin-checkbox-2.3.0.jar;C:\Users\Mariusz\.m2\repository\com\vaadin\vaadin-combo-box-flow\3.1.0\vaadin-combo-box-flow-3.1.0.jar;C:\Users\Mariusz\.m2\repository\org\webjars\bowergithub\vaadin\vaadin-combo-box\5.2.0\vaadin-combo-box-5.2.0.jar;C:\Users\Mariusz\.m2\repository\org\webjars\bowergithub\vaadin\vaadin-text-field\2.6.3\vaadin-text-field-2.6.3.jar;C:\Users\Mariusz\.m2\repository\org\webjars\bowergithub\polymerelements\iron-resizable-behavior\2.1.1\iron-resizable-behavior-2.1.1.jar;C:\Users\Mariusz\.m2\repository\org\webjars\bowergithub\polymerelements\iron-a11y-announcer\2.1.0\iron-a11y-announcer-2.1.0.jar;C:\Users\Mariusz\.m2\repository\org\webjars\bowergithub\polymerelements\iron-list\2.0.20\iron-list-2.0.20.jar;C:\Users\Mariusz\.m2\repository\org\webjars\bowergithub\polymerelements\iron-scroll-target-behavior\2.1.1\iron-scroll-target-behavior-2.1.1.jar;C:\Users\Mariusz\.m2\repository\org\webjars\bowergithub\polymerelements\iron-a11y-keys-behavior\2.1.1\iron-a11y-keys-behavior-2.1.1.jar;C:\Users\Mariusz\.m2\repository\org\webjars\bowergithub\vaadin\vaadin-item\2.2.0\vaadin-item-2.2.0.jar;C:\Users\Mariusz\.m2\repository\org\webjars\bowergithub\vaadin\vaadin-overlay\3.4.1\vaadin-overlay-3.4.1.jar;C:\Users\Mariusz\.m2\repository\org\webjars\bowergithub\polymerelements\iron-overlay-behavior\2.3.4\iron-overlay-behavior-2.3.4.jar;C:\Users\Mariusz\.m2\repository\org\webjars\bowergithub\polymerelements\iron-fit-behavior\2.2.1\iron-fit-behavior-2.2.1.jar;C:\Users\Mariusz\.m2\repository\com\vaadin\vaadin-custom-field-flow\3.1.0\vaadin-custom-field-flow-3.1.0.jar;C:\Users\Mariusz\.m2\repository\org\webjars\bowergithub\vaadin\vaadin-custom-field\1.1.0\vaadin-custom-field-1.1.0.jar;C:\Users\Mariusz\.m2\repository\com\vaadin\vaadin-date-picker-flow\2.1.0\vaadin-date-picker-flow-2.1.0.jar;C:\Users\Mariusz\.m2\repository\org\webjars\bowergithub\vaadin\vaadin-date-picker\4.2.0\vaadin-date-picker-4.2.0.jar;C:\Users\Mariusz\.m2\repository\org\webjars\bowergithub\polymerelements\iron-media-query\2.1.0\iron-media-query-2.1.0.jar;C:\Users\Mariusz\.m2\repository\com\vaadin\vaadin-date-time-picker-flow\1.1.1\vaadin-date-time-picker-flow-1.1.1.jar;C:\Users\Mariusz\.m2\repository\org\webjars\bowergithub\vaadin\vaadin-date-time-picker\1.2.0\vaadin-date-time-picker-1.2.0.jar;C:\Users\Mariusz\.m2\repository\org\webjars\bowergithub\vaadin\vaadin-time-picker\2.2.0\vaadin-time-picker-2.2.0.jar;C:\Users\Mariusz\.m2\repository\com\vaadin\vaadin-details-flow\2.1.0\vaadin-details-flow-2.1.0.jar;C:\Users\Mariusz\.m2\repository\org\webjars\bowergithub\vaadin\vaadin-details\1.1.0\vaadin-details-1.1.0.jar;C:\Users\Mariusz\.m2\repository\com\vaadin\vaadin-time-picker-flow\2.2.0\vaadin-time-picker-flow-2.2.0.jar;C:\Users\Mariusz\.m2\repository\com\vaadin\vaadin-select-flow\2.1.0\vaadin-select-flow-2.1.0.jar;C:\Users\Mariusz\.m2\repository\org\webjars\bowergithub\vaadin\vaadin-select\2.2.0\vaadin-select-2.2.0.jar;C:\Users\Mariusz\.m2\repository\org\webjars\bowergithub\vaadin\vaadin-list-box\1.3.0\vaadin-list-box-1.3.0.jar;C:\Users\Mariusz\.m2\repository\org\webjars\bowergithub\vaadin\vaadin-list-mixin\2.4.1\vaadin-list-mixin-2.4.1.jar;C:\Users\Mariusz\.m2\repository\com\vaadin\vaadin-dialog-flow\2.2.2\vaadin-dialog-flow-2.2.2.jar;C:\Users\Mariusz\.m2\repository\org\webjars\bowergithub\vaadin\vaadin-dialog\2.4.4\vaadin-dialog-2.4.4.jar;C:\Users\Mariusz\.m2\repository\com\vaadin\vaadin-form-layout-flow\2.1.0\vaadin-form-layout-flow-2.1.0.jar;C:\Users\Mariusz\.m2\repository\org\webjars\bowergithub\vaadin\vaadin-form-layout\2.2.0\vaadin-form-layout-2.2.0.jar;C:\Users\Mariusz\.m2\repository\com\vaadin\vaadin-grid-flow\4.2.3\vaadin-grid-flow-4.2.3.jar;C:\Users\Mariusz\.m2\repository\org\webjars\bowergithub\vaadin\vaadin-grid\5.6.7\vaadin-grid-5.6.7.jar;C:\Users\Mariusz\.m2\repository\com\vaadin\vaadin-icons-flow\2.1.0\vaadin-icons-flow-2.1.0.jar;C:\Users\Mariusz\.m2\repository\org\webjars\bowergithub\vaadin\vaadin-icons\4.3.1\vaadin-icons-4.3.1.jar;C:\Users\Mariusz\.m2\repository\com\vaadin\vaadin-iron-list-flow\2.1.0\vaadin-iron-list-flow-2.1.0.jar;C:\Users\Mariusz\.m2\repository\com\vaadin\vaadin-list-box-flow\2.2.0\vaadin-list-box-flow-2.2.0.jar;C:\Users\Mariusz\.m2\repository\com\vaadin\vaadin-login-flow\2.1.0\vaadin-login-flow-2.1.0.jar;C:\Users\Mariusz\.m2\repository\org\webjars\bowergithub\vaadin\vaadin-login\1.1.0\vaadin-login-1.1.0.jar;C:\Users\Mariusz\.m2\repository\com\vaadin\vaadin-ordered-layout-flow\2.2.0\vaadin-ordered-layout-flow-2.2.0.jar;C:\Users\Mariusz\.m2\repository\org\webjars\bowergithub\vaadin\vaadin-ordered-layout\1.3.0\vaadin-ordered-layout-1.3.0.jar;C:\Users\Mariusz\.m2\repository\com\vaadin\vaadin-progress-bar-flow\2.1.0\vaadin-progress-bar-flow-2.1.0.jar;C:\Users\Mariusz\.m2\repository\org\webjars\bowergithub\vaadin\vaadin-progress-bar\1.2.0\vaadin-progress-bar-1.2.0.jar;C:\Users\Mariusz\.m2\repository\com\vaadin\vaadin-radio-button-flow\2.1.1\vaadin-radio-button-flow-2.1.1.jar;C:\Users\Mariusz\.m2\repository\org\webjars\bowergithub\vaadin\vaadin-radio-button\1.3.1\vaadin-radio-button-1.3.1.jar;C:\Users\Mariusz\.m2\repository\com\vaadin\vaadin-split-layout-flow\2.1.0\vaadin-split-layout-flow-2.1.0.jar;C:\Users\Mariusz\.m2\repository\org\webjars\bowergithub\vaadin\vaadin-split-layout\4.2.0\vaadin-split-layout-4.2.0.jar;C:\Users\Mariusz\.m2\repository\com\vaadin\vaadin-tabs-flow\2.1.0\vaadin-tabs-flow-2.1.0.jar;C:\Users\Mariusz\.m2\repository\org\webjars\bowergithub\vaadin\vaadin-tabs\3.1.0\vaadin-tabs-3.1.0.jar;C:\Users\Mariusz\.m2\repository\com\vaadin\vaadin-text-field-flow\2.2.1\vaadin-text-field-flow-2.2.1.jar;C:\Users\Mariusz\.m2\repository\com\vaadin\vaadin-upload-flow\2.2.1\vaadin-upload-flow-2.2.1.jar;C:\Users\Mariusz\.m2\repository\org\webjars\bowergithub\vaadin\vaadin-upload\4.3.0\vaadin-upload-4.3.0.jar;C:\Users\Mariusz\.m2\repository\com\vaadin\vaadin-notification-flow\2.1.0\vaadin-notification-flow-2.1.0.jar;C:\Users\Mariusz\.m2\repository\org\webjars\bowergithub\vaadin\vaadin-notification\1.5.0\vaadin-notification-1.5.0.jar;C:\Users\Mariusz\.m2\repository\com\vaadin\vaadin-app-layout-flow\2.1.0\vaadin-app-layout-flow-2.1.0.jar;C:\Users\Mariusz\.m2\repository\org\webjars\bowergithub\vaadin\vaadin-app-layout\2.1.0\vaadin-app-layout-2.1.0.jar;C:\Users\Mariusz\.m2\repository\com\vaadin\vaadin-context-menu-flow\3.2.0\vaadin-context-menu-flow-3.2.0.jar;C:\Users\Mariusz\.m2\repository\org\webjars\bowergithub\vaadin\vaadin-context-menu\4.4.0\vaadin-context-menu-4.4.0.jar;C:\Users\Mariusz\.m2\repository\com\vaadin\vaadin-menu-bar-flow\1.1.0\vaadin-menu-bar-flow-1.1.0.jar;C:\Users\Mariusz\.m2\repository\org\webjars\bowergithub\vaadin\vaadin-menu-bar\1.1.0\vaadin-menu-bar-1.1.0.jar;"/>
    <property name="java.vm.vendor" value="Oracle Corporation"/>
    <property name="sun.arch.data.model" value="64"/>
    <property name="user.variant" value=""/>
    <property name="java.vendor.url" value="https://java.oracle.com/"/>
    <property name="user.timezone" value="Europe/Warsaw"/>
    <property name="os.name" value="Windows 10"/>
    <property name="java.vm.specification.version" value="13"/>
    <property name="sun.java.launcher" value="SUN_STANDARD"/>
    <property name="user.country" value="PL"/>
    <property name="sun.boot.library.path" value="C:\Program Files\Java\jdk-13.0.2\bin"/>
    <property name="sun.java.command" value="C:\Users\Mariusz\AppData\Local\Temp\surefire3937002398595080681\surefirebooter6867606491604789811.jar C:\Users\Mariusz\AppData\Local\Temp\surefire3937002398595080681 2020-10-10T21-52-03_077-jvmRun1 surefire4025015183095510851tmp surefire_018084444245991624019tmp"/>
    <property name="jdk.debug" value="release"/>
    <property name="surefire.test.class.path" value="E:\10.10\AppkaN\target\test-classes;E:\10.10\AppkaN\target\classes;C:\Users\Mariusz\.m2\repository\org\springframework\boot\spring-boot-starter-data-jpa\2.3.3.RELEASE\spring-boot-starter-data-jpa-2.3.3.RELEASE.jar;C:\Users\Mariusz\.m2\repository\org\springframework\boot\spring-boot-starter-aop\2.3.3.RELEASE\spring-boot-starter-aop-2.3.3.RELEASE.jar;C:\Users\Mariusz\.m2\repository\org\aspectj\aspectjweaver\1.9.6\aspectjweaver-1.9.6.jar;C:\Users\Mariusz\.m2\repository\org\springframework\boot\spring-boot-starter-jdbc\2.3.3.RELEASE\spring-boot-starter-jdbc-2.3.3.RELEASE.jar;C:\Users\Mariusz\.m2\repository\com\zaxxer\HikariCP\3.4.5\HikariCP-3.4.5.jar;C:\Users\Mariusz\.m2\repository\org\springframework\spring-jdbc\5.2.8.RELEASE\spring-jdbc-5.2.8.RELEASE.jar;C:\Users\Mariusz\.m2\repository\jakarta\transaction\jakarta.transaction-api\1.3.3\jakarta.transaction-api-1.3.3.jar;C:\Users\Mariusz\.m2\repository\jakarta\persistence\jakarta.persistence-api\2.2.3\jakarta.persistence-api-2.2.3.jar;C:\Users\Mariusz\.m2\repository\org\hibernate\hibernate-core\5.4.20.Final\hibernate-core-5.4.20.Final.jar;C:\Users\Mariusz\.m2\repository\org\jboss\logging\jboss-logging\3.4.1.Final\jboss-logging-3.4.1.Final.jar;C:\Users\Mariusz\.m2\repository\org\javassist\javassist\3.24.0-GA\javassist-3.24.0-GA.jar;C:\Users\Mariusz\.m2\repository\net\bytebuddy\byte-buddy\1.10.14\byte-buddy-1.10.14.jar;C:\Users\Mariusz\.m2\repository\antlr\antlr\2.7.7\antlr-2.7.7.jar;C:\Users\Mariusz\.m2\repository\org\jboss\jandex\2.1.3.Final\jandex-2.1.3.Final.jar;C:\Users\Mariusz\.m2\repository\com\fasterxml\classmate\1.5.1\classmate-1.5.1.jar;C:\Users\Mariusz\.m2\repository\org\dom4j\dom4j\2.1.3\dom4j-2.1.3.jar;C:\Users\Mariusz\.m2\repository\org\hibernate\common\hibernate-commons-annotations\5.1.0.Final\hibernate-commons-annotations-5.1.0.Final.jar;C:\Users\Mariusz\.m2\repository\org\glassfish\jaxb\jaxb-runtime\2.3.3\jaxb-runtime-2.3.3.jar;C:\Users\Mariusz\.m2\repository\org\glassfish\jaxb\txw2\2.3.3\txw2-2.3.3.jar;C:\Users\Mariusz\.m2\repository\com\sun\istack\istack-commons-runtime\3.0.11\istack-commons-runtime-3.0.11.jar;C:\Users\Mariusz\.m2\repository\org\springframework\data\spring-data-jpa\2.3.3.RELEASE\spring-data-jpa-2.3.3.RELEASE.jar;C:\Users\Mariusz\.m2\repository\org\springframework\data\spring-data-commons\2.3.3.RELEASE\spring-data-commons-2.3.3.RELEASE.jar;C:\Users\Mariusz\.m2\repository\org\springframework\spring-orm\5.2.8.RELEASE\spring-orm-5.2.8.RELEASE.jar;C:\Users\Mariusz\.m2\repository\org\springframework\spring-context\5.2.8.RELEASE\spring-context-5.2.8.RELEASE.jar;C:\Users\Mariusz\.m2\repository\org\springframework\spring-tx\5.2.8.RELEASE\spring-tx-5.2.8.RELEASE.jar;C:\Users\Mariusz\.m2\repository\org\springframework\spring-beans\5.2.8.RELEASE\spring-beans-5.2.8.RELEASE.jar;C:\Users\Mariusz\.m2\repository\org\slf4j\slf4j-api\1.7.30\slf4j-api-1.7.30.jar;C:\Users\Mariusz\.m2\repository\org\springframework\spring-aspects\5.2.8.RELEASE\spring-aspects-5.2.8.RELEASE.jar;C:\Users\Mariusz\.m2\repository\org\springframework\boot\spring-boot-starter-validation\2.3.3.RELEASE\spring-boot-starter-validation-2.3.3.RELEASE.jar;C:\Users\Mariusz\.m2\repository\org\springframework\boot\spring-boot-starter\2.3.3.RELEASE\spring-boot-starter-2.3.3.RELEASE.jar;C:\Users\Mariusz\.m2\repository\org\springframework\boot\spring-boot\2.3.3.RELEASE\spring-boot-2.3.3.RELEASE.jar;C:\Users\Mariusz\.m2\repository\org\springframework\boot\spring-boot-autoconfigure\2.3.3.RELEASE\spring-boot-autoconfigure-2.3.3.RELEASE.jar;C:\Users\Mariusz\.m2\repository\org\springframework\boot\spring-boot-starter-logging\2.3.3.RELEASE\spring-boot-starter-logging-2.3.3.RELEASE.jar;C:\Users\Mariusz\.m2\repository\ch\qos\logback\logback-classic\1.2.3\logback-classic-1.2.3.jar;C:\Users\Mariusz\.m2\repository\ch\qos\logback\logback-core\1.2.3\logback-core-1.2.3.jar;C:\Users\Mariusz\.m2\repository\org\apache\logging\log4j\log4j-to-slf4j\2.13.3\log4j-to-slf4j-2.13.3.jar;C:\Users\Mariusz\.m2\repository\org\apache\logging\log4j\log4j-api\2.13.3\log4j-api-2.13.3.jar;C:\Users\Mariusz\.m2\repository\org\slf4j\jul-to-slf4j\1.7.30\jul-to-slf4j-1.7.30.jar;C:\Users\Mariusz\.m2\repository\jakarta\annotation\jakarta.annotation-api\1.3.5\jakarta.annotation-api-1.3.5.jar;C:\Users\Mariusz\.m2\repository\org\yaml\snakeyaml\1.26\snakeyaml-1.26.jar;C:\Users\Mariusz\.m2\repository\org\glassfish\jakarta.el\3.0.3\jakarta.el-3.0.3.jar;C:\Users\Mariusz\.m2\repository\org\hibernate\validator\hibernate-validator\6.1.5.Final\hibernate-validator-6.1.5.Final.jar;C:\Users\Mariusz\.m2\repository\jakarta\validation\jakarta.validation-api\2.0.2\jakarta.validation-api-2.0.2.jar;C:\Users\Mariusz\.m2\repository\com\cloudinary\cloudinary-http44\1.22.1\cloudinary-http44-1.22.1.jar;C:\Users\Mariusz\.m2\repository\com\cloudinary\cloudinary-core\1.22.1\cloudinary-core-1.22.1.jar;C:\Users\Mariusz\.m2\repository\org\apache\commons\commons-lang3\3.10\commons-lang3-3.10.jar;C:\Users\Mariusz\.m2\repository\org\apache\httpcomponents\httpclient\4.5.12\httpclient-4.5.12.jar;C:\Users\Mariusz\.m2\repository\org\apache\httpcomponents\httpcore\4.4.13\httpcore-4.4.13.jar;C:\Users\Mariusz\.m2\repository\commons-codec\commons-codec\1.14\commons-codec-1.14.jar;C:\Users\Mariusz\.m2\repository\org\apache\httpcomponents\httpmime\4.5.12\httpmime-4.5.12.jar;C:\Users\Mariusz\.m2\repository\org\postgresql\postgresql\42.2.14\postgresql-42.2.14.jar;C:\Users\Mariusz\.m2\repository\org\springframework\boot\spring-boot-starter-mail\2.3.3.RELEASE\spring-boot-starter-mail-2.3.3.RELEASE.jar;C:\Users\Mariusz\.m2\repository\org\springframework\spring-context-support\5.2.8.RELEASE\spring-context-support-5.2.8.RELEASE.jar;C:\Users\Mariusz\.m2\repository\com\sun\mail\jakarta.mail\1.6.5\jakarta.mail-1.6.5.jar;C:\Users\Mariusz\.m2\repository\com\sun\activation\jakarta.activation\1.2.2\jakarta.activation-1.2.2.jar;C:\Users\Mariusz\.m2\repository\org\springframework\boot\spring-boot-starter-security\2.3.3.RELEASE\spring-boot-starter-security-2.3.3.RELEASE.jar;C:\Users\Mariusz\.m2\repository\org\springframework\spring-aop\5.2.8.RELEASE\spring-aop-5.2.8.RELEASE.jar;C:\Users\Mariusz\.m2\repository\org\springframework\security\spring-security-config\5.3.4.RELEASE\spring-security-config-5.3.4.RELEASE.jar;C:\Users\Mariusz\.m2\repository\org\springframework\security\spring-security-web\5.3.4.RELEASE\spring-security-web-5.3.4.RELEASE.jar;C:\Users\Mariusz\.m2\repository\org\springframework\spring-expression\5.2.8.RELEASE\spring-expression-5.2.8.RELEASE.jar;C:\Users\Mariusz\.m2\repository\org\springframework\boot\spring-boot-starter-thymeleaf\2.3.3.RELEASE\spring-boot-starter-thymeleaf-2.3.3.RELEASE.jar;C:\Users\Mariusz\.m2\repository\org\thymeleaf\thymeleaf-spring5\3.0.11.RELEASE\thymeleaf-spring5-3.0.11.RELEASE.jar;C:\Users\Mariusz\.m2\repository\org\thymeleaf\thymeleaf\3.0.11.RELEASE\thymeleaf-3.0.11.RELEASE.jar;C:\Users\Mariusz\.m2\repository\org\attoparser\attoparser\2.0.5.RELEASE\attoparser-2.0.5.RELEASE.jar;C:\Users\Mariusz\.m2\repository\org\unbescape\unbescape\1.1.6.RELEASE\unbescape-1.1.6.RELEASE.jar;C:\Users\Mariusz\.m2\repository\org\thymeleaf\extras\thymeleaf-extras-java8time\3.0.4.RELEASE\thymeleaf-extras-java8time-3.0.4.RELEASE.jar;C:\Users\Mariusz\.m2\repository\org\springframework\boot\spring-boot-starter-web\2.3.3.RELEASE\spring-boot-starter-web-2.3.3.RELEASE.jar;C:\Users\Mariusz\.m2\repository\org\springframework\boot\spring-boot-starter-json\2.3.3.RELEASE\spring-boot-starter-json-2.3.3.RELEASE.jar;C:\Users\Mariusz\.m2\repository\com\fasterxml\jackson\core\jackson-databind\2.11.2\jackson-databind-2.11.2.jar;C:\Users\Mariusz\.m2\repository\com\fasterxml\jackson\core\jackson-annotations\2.11.2\jackson-annotations-2.11.2.jar;C:\Users\Mariusz\.m2\repository\com\fasterxml\jackson\core\jackson-core\2.11.2\jackson-core-2.11.2.jar;C:\Users\Mariusz\.m2\repository\com\fasterxml\jackson\datatype\jackson-datatype-jdk8\2.11.2\jackson-datatype-jdk8-2.11.2.jar;C:\Users\Mariusz\.m2\repository\com\fasterxml\jackson\datatype\jackson-datatype-jsr310\2.11.2\jackson-datatype-jsr310-2.11.2.jar;C:\Users\Mariusz\.m2\repository\com\fasterxml\jackson\module\jackson-module-parameter-names\2.11.2\jackson-module-parameter-names-2.11.2.jar;C:\Users\Mariusz\.m2\repository\org\springframework\boot\spring-boot-starter-tomcat\2.3.3.RELEASE\spring-boot-starter-tomcat-2.3.3.RELEASE.jar;C:\Users\Mariusz\.m2\repository\org\apache\tomcat\embed\tomcat-embed-core\9.0.37\tomcat-embed-core-9.0.37.jar;C:\Users\Mariusz\.m2\repository\org\apache\tomcat\embed\tomcat-embed-websocket\9.0.37\tomcat-embed-websocket-9.0.37.jar;C:\Users\Mariusz\.m2\repository\org\springframework\spring-web\5.2.8.RELEASE\spring-web-5.2.8.RELEASE.jar;C:\Users\Mariusz\.m2\repository\org\springframework\spring-webmvc\5.2.8.RELEASE\spring-webmvc-5.2.8.RELEASE.jar;C:\Users\Mariusz\.m2\repository\org\flywaydb\flyway-core\6.4.4\flyway-core-6.4.4.jar;C:\Users\Mariusz\.m2\repository\com\h2database\h2\1.4.200\h2-1.4.200.jar;C:\Users\Mariusz\.m2\repository\mysql\mysql-connector-java\8.0.21\mysql-connector-java-8.0.21.jar;C:\Users\Mariusz\.m2\repository\org\springframework\boot\spring-boot-starter-test\2.3.3.RELEASE\spring-boot-starter-test-2.3.3.RELEASE.jar;C:\Users\Mariusz\.m2\repository\org\springframework\boot\spring-boot-test\2.3.3.RELEASE\spring-boot-test-2.3.3.RELEASE.jar;C:\Users\Mariusz\.m2\repository\org\springframework\boot\spring-boot-test-autoconfigure\2.3.3.RELEASE\spring-boot-test-autoconfigure-2.3.3.RELEASE.jar;C:\Users\Mariusz\.m2\repository\com\jayway\jsonpath\json-path\2.4.0\json-path-2.4.0.jar;C:\Users\Mariusz\.m2\repository\net\minidev\json-smart\2.3\json-smart-2.3.jar;C:\Users\Mariusz\.m2\repository\net\minidev\accessors-smart\1.2\accessors-smart-1.2.jar;C:\Users\Mariusz\.m2\repository\org\ow2\asm\asm\5.0.4\asm-5.0.4.jar;C:\Users\Mariusz\.m2\repository\jakarta\xml\bind\jakarta.xml.bind-api\2.3.3\jakarta.xml.bind-api-2.3.3.jar;C:\Users\Mariusz\.m2\repository\jakarta\activation\jakarta.activation-api\1.2.2\jakarta.activation-api-1.2.2.jar;C:\Users\Mariusz\.m2\repository\org\assertj\assertj-core\3.16.1\assertj-core-3.16.1.jar;C:\Users\Mariusz\.m2\repository\org\hamcrest\hamcrest\2.2\hamcrest-2.2.jar;C:\Users\Mariusz\.m2\repository\org\junit\jupiter\junit-jupiter\5.6.2\junit-jupiter-5.6.2.jar;C:\Users\Mariusz\.m2\repository\org\junit\jupiter\junit-jupiter-api\5.6.2\junit-jupiter-api-5.6.2.jar;C:\Users\Mariusz\.m2\repository\org\apiguardian\apiguardian-api\1.1.0\apiguardian-api-1.1.0.jar;C:\Users\Mariusz\.m2\repository\org\opentest4j\opentest4j\1.2.0\opentest4j-1.2.0.jar;C:\Users\Mariusz\.m2\repository\org\junit\platform\junit-platform-commons\1.6.2\junit-platform-commons-1.6.2.jar;C:\Users\Mariusz\.m2\repository\org\junit\jupiter\junit-jupiter-params\5.6.2\junit-jupiter-params-5.6.2.jar;C:\Users\Mariusz\.m2\repository\org\junit\jupiter\junit-jupiter-engine\5.6.2\junit-jupiter-engine-5.6.2.jar;C:\Users\Mariusz\.m2\repository\org\junit\platform\junit-platform-engine\1.6.2\junit-platform-engine-1.6.2.jar;C:\Users\Mariusz\.m2\repository\org\mockito\mockito-core\3.3.3\mockito-core-3.3.3.jar;C:\Users\Mariusz\.m2\repository\net\bytebuddy\byte-buddy-agent\1.10.14\byte-buddy-agent-1.10.14.jar;C:\Users\Mariusz\.m2\repository\org\objenesis\objenesis\2.6\objenesis-2.6.jar;C:\Users\Mariusz\.m2\repository\org\mockito\mockito-junit-jupiter\3.3.3\mockito-junit-jupiter-3.3.3.jar;C:\Users\Mariusz\.m2\repository\org\skyscreamer\jsonassert\1.5.0\jsonassert-1.5.0.jar;C:\Users\Mariusz\.m2\repository\com\vaadin\external\google\android-json\0.0.20131108.vaadin1\android-json-0.0.20131108.vaadin1.jar;C:\Users\Mariusz\.m2\repository\org\springframework\spring-core\5.2.8.RELEASE\spring-core-5.2.8.RELEASE.jar;C:\Users\Mariusz\.m2\repository\org\springframework\spring-jcl\5.2.8.RELEASE\spring-jcl-5.2.8.RELEASE.jar;C:\Users\Mariusz\.m2\repository\org\springframework\spring-test\5.2.8.RELEASE\spring-test-5.2.8.RELEASE.jar;C:\Users\Mariusz\.m2\repository\org\xmlunit\xmlunit-core\2.7.0\xmlunit-core-2.7.0.jar;C:\Users\Mariusz\.m2\repository\org\springframework\security\spring-security-test\5.3.4.RELEASE\spring-security-test-5.3.4.RELEASE.jar;C:\Users\Mariusz\.m2\repository\org\springframework\security\spring-security-core\5.3.4.RELEASE\spring-security-core-5.3.4.RELEASE.jar;C:\Users\Mariusz\.m2\repository\com\vaadin\vaadin-spring-boot-starter\14.3.6\vaadin-spring-boot-starter-14.3.6.jar;C:\Users\Mariusz\.m2\repository\com\vaadin\vaadin-spring\12.3.1\vaadin-spring-12.3.1.jar;C:\Users\Mariusz\.m2\repository\com\vaadin\flow-server\2.3.5\flow-server-2.3.5.jar;C:\Users\Mariusz\.m2\repository\com\vaadin\external\gwt\gwt-elemental\2.8.2.vaadin2\gwt-elemental-2.8.2.vaadin2.jar;C:\Users\Mariusz\.m2\repository\commons-fileupload\commons-fileupload\1.3.3\commons-fileupload-1.3.3.jar;C:\Users\Mariusz\.m2\repository\commons-io\commons-io\2.5\commons-io-2.5.jar;C:\Users\Mariusz\.m2\repository\org\jsoup\jsoup\1.12.1\jsoup-1.12.1.jar;C:\Users\Mariusz\.m2\repository\com\helger\ph-css\6.1.1\ph-css-6.1.1.jar;C:\Users\Mariusz\.m2\repository\com\helger\ph-commons\9.1.2\ph-commons-9.1.2.jar;C:\Users\Mariusz\.m2\repository\com\vaadin\external\gentyref\1.2.0.vaadin1\gentyref-1.2.0.vaadin1.jar;C:\Users\Mariusz\.m2\repository\org\apache\commons\commons-compress\1.19\commons-compress-1.19.jar;C:\Users\Mariusz\.m2\repository\com\vaadin\flow-push\2.3.5\flow-push-2.3.5.jar;C:\Users\Mariusz\.m2\repository\com\vaadin\external\atmosphere\atmosphere-runtime\2.4.30.slf4jvaadin1\atmosphere-runtime-2.4.30.slf4jvaadin1.jar;C:\Users\Mariusz\.m2\repository\com\vaadin\flow-client\2.3.5\flow-client-2.3.5.jar;C:\Users\Mariusz\.m2\repository\org\springframework\spring-websocket\5.2.8.RELEASE\spring-websocket-5.2.8.RELEASE.jar;C:\Users\Mariusz\.m2\repository\com\vaadin\vaadin-core\14.3.6\vaadin-core-14.3.6.jar;C:\Users\Mariusz\.m2\repository\com\vaadin\flow-html-components\2.3.5\flow-html-components-2.3.5.jar;C:\Users\Mariusz\.m2\repository\com\vaadin\flow-data\2.3.5\flow-data-2.3.5.jar;C:\Users\Mariusz\.m2\repository\javax\validation\validation-api\2.0.1.Final\validation-api-2.0.1.Final.jar;C:\Users\Mariusz\.m2\repository\com\vaadin\flow-dnd\2.3.5\flow-dnd-2.3.5.jar;C:\Users\Mariusz\.m2\repository\org\webjars\npm\vaadin__vaadin-mobile-drag-drop\1.0.0\vaadin__vaadin-mobile-drag-drop-1.0.0.jar;C:\Users\Mariusz\.m2\repository\org\webjars\npm\mobile-drag-drop\2.3.0-rc.1\mobile-drag-drop-2.3.0-rc.1.jar;C:\Users\Mariusz\.m2\repository\com\vaadin\vaadin-lumo-theme\2.3.5\vaadin-lumo-theme-2.3.5.jar;C:\Users\Mariusz\.m2\repository\org\webjars\bowergithub\vaadin\vaadin-lumo-styles\1.6.0\vaadin-lumo-styles-1.6.0.jar;C:\Users\Mariusz\.m2\repository\org\webjars\bowergithub\polymerelements\iron-icon\2.1.0\iron-icon-2.1.0.jar;C:\Users\Mariusz\.m2\repository\org\webjars\bowergithub\polymerelements\iron-meta\2.1.1\iron-meta-2.1.1.jar;C:\Users\Mariusz\.m2\repository\org\webjars\bowergithub\polymerelements\iron-iconset-svg\2.2.1\iron-iconset-svg-2.2.1.jar;C:\Users\Mariusz\.m2\repository\org\webjars\bowergithub\polymerelements\iron-flex-layout\2.0.3\iron-flex-layout-2.0.3.jar;C:\Users\Mariusz\.m2\repository\org\webjars\bowergithub\polymer\polymer\2.7.0\polymer-2.7.0.jar;C:\Users\Mariusz\.m2\repository\org\webjars\bowergithub\webcomponents\shadycss\1.8.0\shadycss-1.8.0.jar;C:\Users\Mariusz\.m2\repository\com\vaadin\vaadin-material-theme\2.3.5\vaadin-material-theme-2.3.5.jar;C:\Users\Mariusz\.m2\repository\org\webjars\bowergithub\vaadin\vaadin-material-styles\1.3.2\vaadin-material-styles-1.3.2.jar;C:\Users\Mariusz\.m2\repository\com\vaadin\vaadin-accordion-flow\2.1.0\vaadin-accordion-flow-2.1.0.jar;C:\Users\Mariusz\.m2\repository\org\webjars\bowergithub\vaadin\vaadin-accordion\1.1.0\vaadin-accordion-1.1.0.jar;C:\Users\Mariusz\.m2\repository\org\webjars\bowergithub\vaadin\vaadin-themable-mixin\1.5.2\vaadin-themable-mixin-1.5.2.jar;C:\Users\Mariusz\.m2\repository\org\webjars\bowergithub\webcomponents\webcomponentsjs\1.2.6\webcomponentsjs-1.2.6.jar;C:\Users\Mariusz\.m2\repository\org\webjars\bowergithub\vaadin\vaadin-element-mixin\2.3.2\vaadin-element-mixin-2.3.2.jar;C:\Users\Mariusz\.m2\repository\org\webjars\bowergithub\vaadin\vaadin-usage-statistics\2.1.0\vaadin-usage-statistics-2.1.0.jar;C:\Users\Mariusz\.m2\repository\org\webjars\bowergithub\vaadin\vaadin-development-mode-detector\2.0.4\vaadin-development-mode-detector-2.0.4.jar;C:\Users\Mariusz\.m2\repository\com\vaadin\vaadin-button-flow\2.1.0\vaadin-button-flow-2.1.0.jar;C:\Users\Mariusz\.m2\repository\org\webjars\bowergithub\vaadin\vaadin-button\2.3.0\vaadin-button-2.3.0.jar;C:\Users\Mariusz\.m2\repository\org\webjars\bowergithub\vaadin\vaadin-control-state-mixin\2.1.3\vaadin-control-state-mixin-2.1.3.jar;C:\Users\Mariusz\.m2\repository\com\vaadin\vaadin-checkbox-flow\2.1.0\vaadin-checkbox-flow-2.1.0.jar;C:\Users\Mariusz\.m2\repository\org\webjars\bowergithub\vaadin\vaadin-checkbox\2.3.0\vaadin-checkbox-2.3.0.jar;C:\Users\Mariusz\.m2\repository\com\vaadin\vaadin-combo-box-flow\3.1.0\vaadin-combo-box-flow-3.1.0.jar;C:\Users\Mariusz\.m2\repository\org\webjars\bowergithub\vaadin\vaadin-combo-box\5.2.0\vaadin-combo-box-5.2.0.jar;C:\Users\Mariusz\.m2\repository\org\webjars\bowergithub\vaadin\vaadin-text-field\2.6.3\vaadin-text-field-2.6.3.jar;C:\Users\Mariusz\.m2\repository\org\webjars\bowergithub\polymerelements\iron-resizable-behavior\2.1.1\iron-resizable-behavior-2.1.1.jar;C:\Users\Mariusz\.m2\repository\org\webjars\bowergithub\polymerelements\iron-a11y-announcer\2.1.0\iron-a11y-announcer-2.1.0.jar;C:\Users\Mariusz\.m2\repository\org\webjars\bowergithub\polymerelements\iron-list\2.0.20\iron-list-2.0.20.jar;C:\Users\Mariusz\.m2\repository\org\webjars\bowergithub\polymerelements\iron-scroll-target-behavior\2.1.1\iron-scroll-target-behavior-2.1.1.jar;C:\Users\Mariusz\.m2\repository\org\webjars\bowergithub\polymerelements\iron-a11y-keys-behavior\2.1.1\iron-a11y-keys-behavior-2.1.1.jar;C:\Users\Mariusz\.m2\repository\org\webjars\bowergithub\vaadin\vaadin-item\2.2.0\vaadin-item-2.2.0.jar;C:\Users\Mariusz\.m2\repository\org\webjars\bowergithub\vaadin\vaadin-overlay\3.4.1\vaadin-overlay-3.4.1.jar;C:\Users\Mariusz\.m2\repository\org\webjars\bowergithub\polymerelements\iron-overlay-behavior\2.3.4\iron-overlay-behavior-2.3.4.jar;C:\Users\Mariusz\.m2\repository\org\webjars\bowergithub\polymerelements\iron-fit-behavior\2.2.1\iron-fit-behavior-2.2.1.jar;C:\Users\Mariusz\.m2\repository\com\vaadin\vaadin-custom-field-flow\3.1.0\vaadin-custom-field-flow-3.1.0.jar;C:\Users\Mariusz\.m2\repository\org\webjars\bowergithub\vaadin\vaadin-custom-field\1.1.0\vaadin-custom-field-1.1.0.jar;C:\Users\Mariusz\.m2\repository\com\vaadin\vaadin-date-picker-flow\2.1.0\vaadin-date-picker-flow-2.1.0.jar;C:\Users\Mariusz\.m2\repository\org\webjars\bowergithub\vaadin\vaadin-date-picker\4.2.0\vaadin-date-picker-4.2.0.jar;C:\Users\Mariusz\.m2\repository\org\webjars\bowergithub\polymerelements\iron-media-query\2.1.0\iron-media-query-2.1.0.jar;C:\Users\Mariusz\.m2\repository\com\vaadin\vaadin-date-time-picker-flow\1.1.1\vaadin-date-time-picker-flow-1.1.1.jar;C:\Users\Mariusz\.m2\repository\org\webjars\bowergithub\vaadin\vaadin-date-time-picker\1.2.0\vaadin-date-time-picker-1.2.0.jar;C:\Users\Mariusz\.m2\repository\org\webjars\bowergithub\vaadin\vaadin-time-picker\2.2.0\vaadin-time-picker-2.2.0.jar;C:\Users\Mariusz\.m2\repository\com\vaadin\vaadin-details-flow\2.1.0\vaadin-details-flow-2.1.0.jar;C:\Users\Mariusz\.m2\repository\org\webjars\bowergithub\vaadin\vaadin-details\1.1.0\vaadin-details-1.1.0.jar;C:\Users\Mariusz\.m2\repository\com\vaadin\vaadin-time-picker-flow\2.2.0\vaadin-time-picker-flow-2.2.0.jar;C:\Users\Mariusz\.m2\repository\com\vaadin\vaadin-select-flow\2.1.0\vaadin-select-flow-2.1.0.jar;C:\Users\Mariusz\.m2\repository\org\webjars\bowergithub\vaadin\vaadin-select\2.2.0\vaadin-select-2.2.0.jar;C:\Users\Mariusz\.m2\repository\org\webjars\bowergithub\vaadin\vaadin-list-box\1.3.0\vaadin-list-box-1.3.0.jar;C:\Users\Mariusz\.m2\repository\org\webjars\bowergithub\vaadin\vaadin-list-mixin\2.4.1\vaadin-list-mixin-2.4.1.jar;C:\Users\Mariusz\.m2\repository\com\vaadin\vaadin-dialog-flow\2.2.2\vaadin-dialog-flow-2.2.2.jar;C:\Users\Mariusz\.m2\repository\org\webjars\bowergithub\vaadin\vaadin-dialog\2.4.4\vaadin-dialog-2.4.4.jar;C:\Users\Mariusz\.m2\repository\com\vaadin\vaadin-form-layout-flow\2.1.0\vaadin-form-layout-flow-2.1.0.jar;C:\Users\Mariusz\.m2\repository\org\webjars\bowergithub\vaadin\vaadin-form-layout\2.2.0\vaadin-form-layout-2.2.0.jar;C:\Users\Mariusz\.m2\repository\com\vaadin\vaadin-grid-flow\4.2.3\vaadin-grid-flow-4.2.3.jar;C:\Users\Mariusz\.m2\repository\org\webjars\bowergithub\vaadin\vaadin-grid\5.6.7\vaadin-grid-5.6.7.jar;C:\Users\Mariusz\.m2\repository\com\vaadin\vaadin-icons-flow\2.1.0\vaadin-icons-flow-2.1.0.jar;C:\Users\Mariusz\.m2\repository\org\webjars\bowergithub\vaadin\vaadin-icons\4.3.1\vaadin-icons-4.3.1.jar;C:\Users\Mariusz\.m2\repository\com\vaadin\vaadin-iron-list-flow\2.1.0\vaadin-iron-list-flow-2.1.0.jar;C:\Users\Mariusz\.m2\repository\com\vaadin\vaadin-list-box-flow\2.2.0\vaadin-list-box-flow-2.2.0.jar;C:\Users\Mariusz\.m2\repository\com\vaadin\vaadin-login-flow\2.1.0\vaadin-login-flow-2.1.0.jar;C:\Users\Mariusz\.m2\repository\org\webjars\bowergithub\vaadin\vaadin-login\1.1.0\vaadin-login-1.1.0.jar;C:\Users\Mariusz\.m2\repository\com\vaadin\vaadin-ordered-layout-flow\2.2.0\vaadin-ordered-layout-flow-2.2.0.jar;C:\Users\Mariusz\.m2\repository\org\webjars\bowergithub\vaadin\vaadin-ordered-layout\1.3.0\vaadin-ordered-layout-1.3.0.jar;C:\Users\Mariusz\.m2\repository\com\vaadin\vaadin-progress-bar-flow\2.1.0\vaadin-progress-bar-flow-2.1.0.jar;C:\Users\Mariusz\.m2\repository\org\webjars\bowergithub\vaadin\vaadin-progress-bar\1.2.0\vaadin-progress-bar-1.2.0.jar;C:\Users\Mariusz\.m2\repository\com\vaadin\vaadin-radio-button-flow\2.1.1\vaadin-radio-button-flow-2.1.1.jar;C:\Users\Mariusz\.m2\repository\org\webjars\bowergithub\vaadin\vaadin-radio-button\1.3.1\vaadin-radio-button-1.3.1.jar;C:\Users\Mariusz\.m2\repository\com\vaadin\vaadin-split-layout-flow\2.1.0\vaadin-split-layout-flow-2.1.0.jar;C:\Users\Mariusz\.m2\repository\org\webjars\bowergithub\vaadin\vaadin-split-layout\4.2.0\vaadin-split-layout-4.2.0.jar;C:\Users\Mariusz\.m2\repository\com\vaadin\vaadin-tabs-flow\2.1.0\vaadin-tabs-flow-2.1.0.jar;C:\Users\Mariusz\.m2\repository\org\webjars\bowergithub\vaadin\vaadin-tabs\3.1.0\vaadin-tabs-3.1.0.jar;C:\Users\Mariusz\.m2\repository\com\vaadin\vaadin-text-field-flow\2.2.1\vaadin-text-field-flow-2.2.1.jar;C:\Users\Mariusz\.m2\repository\com\vaadin\vaadin-upload-flow\2.2.1\vaadin-upload-flow-2.2.1.jar;C:\Users\Mariusz\.m2\repository\org\webjars\bowergithub\vaadin\vaadin-upload\4.3.0\vaadin-upload-4.3.0.jar;C:\Users\Mariusz\.m2\repository\com\vaadin\vaadin-notification-flow\2.1.0\vaadin-notification-flow-2.1.0.jar;C:\Users\Mariusz\.m2\repository\org\webjars\bowergithub\vaadin\vaadin-notification\1.5.0\vaadin-notification-1.5.0.jar;C:\Users\Mariusz\.m2\repository\com\vaadin\vaadin-app-layout-flow\2.1.0\vaadin-app-layout-flow-2.1.0.jar;C:\Users\Mariusz\.m2\repository\org\webjars\bowergithub\vaadin\vaadin-app-layout\2.1.0\vaadin-app-layout-2.1.0.jar;C:\Users\Mariusz\.m2\repository\com\vaadin\vaadin-context-menu-flow\3.2.0\vaadin-context-menu-flow-3.2.0.jar;C:\Users\Mariusz\.m2\repository\org\webjars\bowergithub\vaadin\vaadin-context-menu\4.4.0\vaadin-context-menu-4.4.0.jar;C:\Users\Mariusz\.m2\repository\com\vaadin\vaadin-menu-bar-flow\1.1.0\vaadin-menu-bar-flow-1.1.0.jar;C:\Users\Mariusz\.m2\repository\org\webjars\bowergithub\vaadin\vaadin-menu-bar\1.1.0\vaadin-menu-bar-1.1.0.jar;"/>
    <property name="sun.cpu.endian" value="little"/>
    <property name="user.home" value="C:\Users\Mariusz"/>
    <property name="user.language" value="pl"/>
    <property name="java.specification.vendor" value="Oracle Corporation"/>
    <property name="java.version.date" value="2020-01-14"/>
    <property name="java.home" value="C:\Program Files\Java\jdk-13.0.2"/>
    <property name="file.separator" value="\"/>
    <property name="basedir" value="E:\10.10\AppkaN"/>
    <property name="java.vm.compressedOopsMode" value="Zero based"/>
    <property name="line.separator" value="&#10;"/>
    <property name="java.vm.specification.vendor" value="Oracle Corporation"/>
    <property name="java.specification.name" value="Java Platform API Specification"/>
    <property name="idea.version2020.1.1" value="true"/>
    <property name="surefire.real.class.path" value="C:\Users\Mariusz\AppData\Local\Temp\surefire3937002398595080681\surefirebooter6867606491604789811.jar"/>
    <property name="user.script" value=""/>
    <property name="sun.management.compiler" value="HotSpot 64-Bit Tiered Compilers"/>
    <property name="java.runtime.version" value="13.0.2+8"/>
    <property name="user.name" value="Mariusz"/>
    <property name="path.separator" value=";"/>
    <property name="os.version" value="10.0"/>
    <property name="java.runtime.name" value="Java(TM) SE Runtime Environment"/>
    <property name="file.encoding" value="Cp1250"/>
    <property name="java.vm.name" value="Java HotSpot(TM) 64-Bit Server VM"/>
    <property name="localRepository" value="C:\Users\Mariusz\.m2\repository"/>
    <property name="java.vendor.url.bug" value="https://bugreport.java.com/bugreport/"/>
    <property name="java.io.tmpdir" value="C:\Users\Mariusz\AppData\Local\Temp\"/>
    <property name="java.version" value="13.0.2"/>
    <property name="user.dir" value="E:\10.10\AppkaN"/>
    <property name="os.arch" value="amd64"/>
    <property name="java.vm.specification.name" value="Java Virtual Machine Specification"/>
    <property name="sun.os.patch.level" value=""/>
    <property name="java.library.path" value="C:\Program Files\Java\jdk-13.0.2\bin;C:\WINDOWS\Sun\Java\bin;C:\WINDOWS\system32;C:\WINDOWS;C:\Program Files (x86)\Intel\Intel(R) Management Engine Components\iCLS\;C:\Program Files\Intel\Intel(R) Management Engine Components\iCLS\;C:\Windows\system32;C:\Windows;C:\Windows\System32\Wbem;C:\Windows\System32\WindowsPowerShell\v1.0\;C:\Windows\System32\OpenSSH\;C:\Program Files (x86)\Intel\Intel(R) Management Engine Components\DAL;C:\Program Files\Intel\Intel(R) Management Engine Components\DAL;C:\Program Files\NVIDIA Corporation\NVIDIA NGX;C:\Program Files (x86)\NVIDIA Corporation\PhysX\Common;C:\Program Files\NVIDIA Corporation\NVIDIA NvDLISR;C:\Program Files\Microsoft SQL Server\130\Tools\Binn\;C:\Program Files\Git\cmd;C:\Program Files\Microsoft SQL Server\Client SDK\ODBC\170\Tools\Binn\;C:\WINDOWS\system32;C:\WINDOWS;C:\WINDOWS\System32\Wbem;C:\WINDOWS\System32\WindowsPowerShell\v1.0\;C:\WINDOWS\System32\OpenSSH\;C:\Program Files\dotnet\;C:\Program Files\MySQL\MySQL Shell 8.0\bin\;C:\Program Files\apache-maven-3.6.3\bin;C:\Users\Mariusz\AppData\Local\Microsoft\WindowsApps;C:\Users\Mariusz\AppData\Local\Programs\Microsoft VS Code\bin;C:\Program Files\Java\jdk-13.0.2\bin;C:\Program Files\JetBrains\IntelliJ IDEA Community Edition 2019.3.4\bin;;C:\Program Files\Java\jdk-13.0.2\bin;C:\Program Files (x86)\Java\jre7\bin;C:\Program Files\heroku\bin;."/>
    <property name="java.vm.info" value="mixed mode, sharing"/>
    <property name="java.vendor" value="Oracle Corporation"/>
    <property name="java.vm.version" value="13.0.2+8"/>
    <property name="sun.io.unicode.encoding" value="UnicodeLittle"/>
    <property name="java.class.version" value="57.0"/>
  </properties>
  <testcase name="contextLoads" classname="com.stilliodev.webapp.WebAppApplicationTests" time="0.099"/>
</testsuite>